<?xml version="1.0" encoding="UTF-8"?>
<testsuite name="com.example.demo.PunctajServiceTest" tests="1" skipped="0" failures="0" errors="0" timestamp="2024-01-28T11:57:31" hostname="DESKTOP-V2232HD" time="0.507">
  <properties/>
  <testcase name="allTestsPassedTest()" classname="com.example.demo.PunctajServiceTest" time="0.507"/>
  <system-out><![CDATA[]]></system-out>
  <system-err><![CDATA[]]></system-err>
</testsuite>
